<?xml version="1.0" encoding="UTF-8"?>
<!-- Generated by org.testng.reporters.JUnitReportReporter -->
<testsuite skipped="0" hostname="RCB13" name="test.DragNdrop" tests="1" failures="0" timestamp="08 אפר 2018 14:17:37 GMT" time="6.135" errors="0">
  <testcase name="DragnDrop" time="6.135" classname="test.DragNdrop"/>
</testsuite> <!-- test.DragNdrop -->
